E:\C艹\ELEVATOR\DEBUG\ELEVATOR.EXE
E:\C艹\ELEVATOR\DEBUG\ELEVATOR.ILK
E:\C艹\ELEVATOR\DEBUG\ELEVATOR.PDB
E:\C艹\Elevator\Elevator\Debug\cl.command.1.tlog
E:\C艹\Elevator\Elevator\Debug\CL.read.1.tlog
E:\C艹\Elevator\Elevator\Debug\CL.write.1.tlog
E:\C艹\ELEVATOR\ELEVATOR\DEBUG\ELEVATOR.EXE.EMBED.MANIFEST
E:\C艹\ELEVATOR\ELEVATOR\DEBUG\ELEVATOR.EXE.EMBED.MANIFEST.RES
E:\C艹\ELEVATOR\ELEVATOR\DEBUG\ELEVATOR.EXE.INTERMEDIATE.MANIFEST
E:\C艹\ELEVATOR\ELEVATOR\DEBUG\ELEVATOR.OBJ
E:\C艹\Elevator\Elevator\Debug\Elevator.write.1.tlog
E:\C艹\Elevator\Elevator\Debug\Elevator_manifest.rc
E:\C艹\Elevator\Elevator\Debug\link.2308.read.1.tlog
E:\C艹\Elevator\Elevator\Debug\link.2308.write.1.tlog
E:\C艹\Elevator\Elevator\Debug\link.2308-cvtres.read.1.tlog
E:\C艹\Elevator\Elevator\Debug\link.2308-cvtres.write.1.tlog
E:\C艹\Elevator\Elevator\Debug\link.command.1.tlog
E:\C艹\Elevator\Elevator\Debug\link.read.1.tlog
E:\C艹\Elevator\Elevator\Debug\link.write.1.tlog
E:\C艹\Elevator\Elevator\Debug\link-cvtres.read.1.tlog
E:\C艹\Elevator\Elevator\Debug\link-cvtres.write.1.tlog
E:\C艹\ELEVATOR\ELEVATOR\DEBUG\MAIN.OBJ
E:\C艹\Elevator\Elevator\Debug\mt.command.1.tlog
E:\C艹\Elevator\Elevator\Debug\mt.read.1.tlog
E:\C艹\Elevator\Elevator\Debug\mt.write.1.tlog
E:\C艹\Elevator\Elevator\Debug\rc.command.1.tlog
E:\C艹\Elevator\Elevator\Debug\rc.read.1.tlog
E:\C艹\Elevator\Elevator\Debug\rc.write.1.tlog
E:\C艹\ELEVATOR\ELEVATOR\DEBUG\SIGNAL.OBJ
E:\C艹\Elevator\Elevator\Debug\vc100.idb
E:\C艹\ELEVATOR\ELEVATOR\DEBUG\VC100.PDB
